#
# There is insufficient memory for the Java Runtime Environment to continue.
# Native memory allocation (mmap) failed to map 264241152 bytes for G1 virtual space
# Possible reasons:
#   The system is out of physical RAM or swap space
#   The process is running with CompressedOops enabled, and the Java Heap may be blocking the growth of the native heap
# Possible solutions:
#   Reduce memory load on the system
#   Increase physical memory or swap space
#   Check if swap backing store is full
#   Decrease Java heap size (-Xmx/-Xms)
#   Decrease number of Java threads
#   Decrease Java thread stack sizes (-Xss)
#   Set larger code cache with -XX:ReservedCodeCacheSize=
#   JVM is running with Zero Based Compressed Oops mode in which the Java heap is
#     placed in the first 32GB address space. The Java Heap base address is the
#     maximum limit for the native heap growth. Please use -XX:HeapBaseMinAddress
#     to set the Java Heap base and to place the Java Heap above 32GB virtual address.
# This output file may be truncated or incomplete.
#
#  Out of Memory Error (os_windows.cpp:3771), pid=26320, tid=26672
#
# JRE version:  (17.0.7) (build )
# Java VM: OpenJDK 64-Bit Server VM (17.0.7+0-b2043.56-10550314, mixed mode, sharing, tiered, compressed oops, compressed class ptrs, g1 gc, windows-amd64)
# No core dump will be written. Minidumps are not enabled by default on client versions of Windows
#

---------------  S U M M A R Y ------------

Command Line: git4idea.http.GitAskPassApp Username for 'https://github.com': 

Host: 12th Gen Intel(R) Core(TM) i5-12450H, 12 cores, 15G,  Windows 11 , 64 bit Build 22621 (10.0.22621.2506)
Time: Fri Jan 19 22:53:19 2024 India Standard Time elapsed time: 0.009757 seconds (0d 0h 0m 0s)

---------------  T H R E A D  ---------------

Current thread (0x0000014df36b0670):  JavaThread "Unknown thread" [_thread_in_vm, id=26672, stack(0x0000004726e00000,0x0000004726f00000)]

Stack: [0x0000004726e00000,0x0000004726f00000]
Native frames: (J=compiled Java code, j=interpreted, Vv=VM code, C=native code)
V  [jvm.dll+0x683bfa]
V  [jvm.dll+0x8430a4]
V  [jvm.dll+0x8449be]
V  [jvm.dll+0x845023]
V  [jvm.dll+0x24ad2f]
V  [jvm.dll+0x680ac9]
V  [jvm.dll+0x67519a]
V  [jvm.dll+0x30b3cb]
V  [jvm.dll+0x312876]
V  [jvm.dll+0x36221e]
V  [jvm.dll+0x36244f]
V  [jvm.dll+0x2e14a8]
V  [jvm.dll+0x2e2414]
V  [jvm.dll+0x814391]
V  [jvm.dll+0x36ffe1]
V  [jvm.dll+0x7f396c]
V  [jvm.dll+0x3f305f]
V  [jvm.dll+0x3f4b91]
C  [jli.dll+0x528f]
C  [ucrtbase.dll+0x29363]
C  [KERNEL32.DLL+0x1257d]
C  [ntdll.dll+0x5aa58]


---------------  P R O C E S S  ---------------

Threads class SMR info:
_java_thread_list=0x00007ffcf1b4d098, length=0, elements={
}

Java Threads: ( => current thread )

Other Threads:
  0x0000014df371a500 GCTaskThread "GC Thread#0" [stack: 0x0000004726f00000,0x0000004727000000] [id=24768]
  0x0000014df372ae50 ConcurrentGCThread "G1 Main Marker" [stack: 0x0000004727000000,0x0000004727100000] [id=29896]
  0x0000014df372d010 ConcurrentGCThread "G1 Conc#0" [stack: 0x0000004727100000,0x0000004727200000] [id=31844]

[error occurred during error reporting (printing all threads), id 0xc0000005, EXCEPTION_ACCESS_VIOLATION (0xc0000005) at pc=0x00007ffcf1302087]

VM state: not at safepoint (not fully initialized)

VM Mutex/Monitor currently owned by a thread:  ([mutex/lock_event])
[0x0000014df36ac470] Heap_lock - owner thread: 0x0000014df36b0670

Heap address: 0x0000000705e00000, size: 4002 MB, Compressed Oops mode: Zero based, Oop shift amount: 3

CDS archive(s) mapped at: [0x0000000000000000-0x0000000000000000-0x0000000000000000), size 0, SharedBaseAddress: 0x0000000800000000, ArchiveRelocationMode: 0.
Narrow klass base: 0x0000000000000000, Narrow klass shift: 0, Narrow klass range: 0x0

GC Precious Log:
<Empty>

Heap:
 garbage-first heap   total 0K, used 0K [0x0000000705e00000, 0x0000000800000000)
  region size 2048K, 0 young (0K), 0 survivors (0K)
 Metaspace       used 0K, committed 0K, reserved 0K
  class space    used 0K, committed 0K, reserved 0K

Heap Regions: E=young(eden), S=young(survivor), O=old, HS=humongous(starts), HC=humongous(continues), CS=collection set, F=free, OA=open archive, CA=closed archive, TAMS=top-at-mark-start (previous, next)

Card table byte_map: [0x0000014df78b0000,0x0000014df8090000] _byte_map_base: 0x0000014df4081000

Marking Bits (Prev, Next): (CMBitMap*) 0x0000014df371ab10, (CMBitMap*) 0x0000014df371ab50
 Prev Bits: [0x0000014df8870000, 0x0000014dfc6f8000)
 Next Bits: [0x0000014d8f000000, 0x0000014d92e88000)

GC Heap History (0 events):
No events

Dll operation events (1 events):
Event: 0.005 Loaded shared library C:\Program Files\Android\Android Studio1\jbr\bin\java.dll

Deoptimization events (0 events):
No events

Classes unloaded (0 events):
No events

Classes redefined (0 events):
No events

Internal exceptions (0 events):
No events

VM Operations (0 events):
No events

Events (0 events):
No events


Dynamic libraries:
0x00007ff732e50000 - 0x00007ff732e5a000 	C:\Program Files\Android\Android Studio1\jbr\bin\java.exe
0x00007ffd92110000 - 0x00007ffd92327000 	C:\Windows\SYSTEM32\ntdll.dll
0x00007ffd90960000 - 0x00007ffd90a24000 	C:\Windows\System32\KERNEL32.DLL
0x00007ffd8f780000 - 0x00007ffd8fb26000 	C:\Windows\System32\KERNELBASE.dll
0x00007ffd8f660000 - 0x00007ffd8f771000 	C:\Windows\System32\ucrtbase.dll
0x00007ffd55b00000 - 0x00007ffd55b17000 	C:\Program Files\Android\Android Studio1\jbr\bin\jli.dll
0x00007ffd90cc0000 - 0x00007ffd90e6e000 	C:\Windows\System32\USER32.dll
0x00007ffd8fe30000 - 0x00007ffd8fe56000 	C:\Windows\System32\win32u.dll
0x00007ffd71900000 - 0x00007ffd7191b000 	C:\Program Files\Android\Android Studio1\jbr\bin\VCRUNTIME140.dll
0x00007ffd75f80000 - 0x00007ffd76213000 	C:\Windows\WinSxS\amd64_microsoft.windows.common-controls_6595b64144ccf1df_6.0.22621.2506_none_270c5ae97388e100\COMCTL32.dll
0x00007ffd90710000 - 0x00007ffd90739000 	C:\Windows\System32\GDI32.dll
0x00007ffd8fb30000 - 0x00007ffd8fc48000 	C:\Windows\System32\gdi32full.dll
0x00007ffd8ff50000 - 0x00007ffd8fff7000 	C:\Windows\System32\msvcrt.dll
0x00007ffd8f4d0000 - 0x00007ffd8f56a000 	C:\Windows\System32\msvcp_win.dll
0x00007ffd90740000 - 0x00007ffd90771000 	C:\Windows\System32\IMM32.DLL
0x00007ffd71d40000 - 0x00007ffd71d4c000 	C:\Program Files\Android\Android Studio1\jbr\bin\vcruntime140_1.dll
0x00007ffd50ab0000 - 0x00007ffd50b3d000 	C:\Program Files\Android\Android Studio1\jbr\bin\msvcp140.dll
0x00007ffcf1010000 - 0x00007ffcf1c90000 	C:\Program Files\Android\Android Studio1\jbr\bin\server\jvm.dll
0x00007ffd90650000 - 0x00007ffd90703000 	C:\Windows\System32\ADVAPI32.dll
0x00007ffd90ab0000 - 0x00007ffd90b58000 	C:\Windows\System32\sechost.dll
0x00007ffd8f630000 - 0x00007ffd8f658000 	C:\Windows\System32\bcrypt.dll
0x00007ffd90e70000 - 0x00007ffd90f87000 	C:\Windows\System32\RPCRT4.dll
0x00007ffd535a0000 - 0x00007ffd535a9000 	C:\Windows\SYSTEM32\WSOCK32.dll
0x00007ffd82f60000 - 0x00007ffd82f94000 	C:\Windows\SYSTEM32\WINMM.dll
0x00007ffd8fe60000 - 0x00007ffd8fed1000 	C:\Windows\System32\WS2_32.dll
0x00007ffd85950000 - 0x00007ffd8595a000 	C:\Windows\SYSTEM32\VERSION.dll
0x00007ffd8e540000 - 0x00007ffd8e558000 	C:\Windows\SYSTEM32\kernel.appcore.dll
0x00007ffd4a8d0000 - 0x00007ffd4a8da000 	C:\Program Files\Android\Android Studio1\jbr\bin\jimage.dll
0x00007ffd8c630000 - 0x00007ffd8c863000 	C:\Windows\SYSTEM32\DBGHELP.DLL
0x00007ffd90080000 - 0x00007ffd90409000 	C:\Windows\System32\combase.dll
0x00007ffd90880000 - 0x00007ffd90957000 	C:\Windows\System32\OLEAUT32.dll
0x00007ffd84ff0000 - 0x00007ffd85022000 	C:\Windows\SYSTEM32\dbgcore.DLL
0x00007ffd8f450000 - 0x00007ffd8f4ca000 	C:\Windows\System32\bcryptPrimitives.dll
0x00007ffd4a8a0000 - 0x00007ffd4a8c5000 	C:\Program Files\Android\Android Studio1\jbr\bin\java.dll

dbghelp: loaded successfully - version: 4.0.5 - missing functions: none
symbol engine: initialized successfully - sym options: 0x614 - pdb path: .;C:\Program Files\Android\Android Studio1\jbr\bin;C:\Windows\SYSTEM32;C:\Windows\WinSxS\amd64_microsoft.windows.common-controls_6595b64144ccf1df_6.0.22621.2506_none_270c5ae97388e100;C:\Program Files\Android\Android Studio1\jbr\bin\server

VM Arguments:
java_command: git4idea.http.GitAskPassApp Username for 'https://github.com': 
java_class_path (initial): C:/Program Files/Android/Android Studio1/plugins/vcs-git/lib/git4idea-rt.jar;C:/Program Files/Android/Android Studio1/lib/externalProcess-rt.jar
Launcher Type: SUN_STANDARD

[Global flags]
     intx CICompilerCount                          = 4                                         {product} {ergonomic}
     uint ConcGCThreads                            = 3                                         {product} {ergonomic}
     uint G1ConcRefinementThreads                  = 10                                        {product} {ergonomic}
   size_t G1HeapRegionSize                         = 2097152                                   {product} {ergonomic}
    uintx GCDrainStackTargetSize                   = 64                                        {product} {ergonomic}
   size_t InitialHeapSize                          = 264241152                                 {product} {ergonomic}
   size_t MarkStackSize                            = 4194304                                   {product} {ergonomic}
   size_t MaxHeapSize                              = 4196401152                                {product} {ergonomic}
   size_t MinHeapDeltaBytes                        = 2097152                                   {product} {ergonomic}
   size_t MinHeapSize                              = 8388608                                   {product} {ergonomic}
    uintx NonNMethodCodeHeapSize                   = 5839372                                {pd product} {ergonomic}
    uintx NonProfiledCodeHeapSize                  = 122909434                              {pd product} {ergonomic}
    uintx ProfiledCodeHeapSize                     = 122909434                              {pd product} {ergonomic}
    uintx ReservedCodeCacheSize                    = 251658240                              {pd product} {ergonomic}
     bool SegmentedCodeCache                       = true                                      {product} {ergonomic}
   size_t SoftMaxHeapSize                          = 4196401152                             {manageable} {ergonomic}
     bool UseCompressedClassPointers               = true                           {product lp64_product} {ergonomic}
     bool UseCompressedOops                        = true                           {product lp64_product} {ergonomic}
     bool UseG1GC                                  = true                                      {product} {ergonomic}
     bool UseLargePagesIndividualAllocation        = false                                  {pd product} {ergonomic}

Logging:
Log output configuration:
 #0: stdout all=warning uptime,level,tags
 #1: stderr all=off uptime,level,tags

Environment Variables:
PATH=C:\Program Files\Git\mingw64\libexec\git-core;C:\Program Files\Git\mingw64\libexec\git-core;C:\Program Files\Git\mingw64\bin;C:\Program Files\Git\usr\bin;C:\Users\Viswaranjan\bin;C:\Program Files (x86)\Common Files\Intel\Shared Libraries\redist\intel64\compiler;C:\Program Files\Common Files\Oracle\Java\javapath;C:\Python311\Scripts;C:\Python311;C:\Windows\system32;C:\Windows;C:\Windows\System32\Wbem;C:\Windows\System32\WindowsPowerShell\v1.0;C:\Windows\System32\OpenSSH;C:\Program Files\Git\cmd;C:\Program Files (x86)\NVIDIA Corporation\PhysX\Common;C:\Program Files\nodejs;C:\ProgramData\chocolatey\bin;C:\Program Files\NVIDIA Corporation\NVIDIA NvDLISR;C:\Program Files\dotnet;C:\xampp\php;C:\Program Files\Crucial\Crucial Storage Executive;C:\Users\Viswaranjan\AppData\Local\Microsoft\WindowsApps;C:\Users\Viswaranjan\AppData\Local\Programs\Microsoft VS Code\bin;C:\Program Files\JetBrains\IntelliJ IDEA Community Edition 2023.2.1\bin;C:\Users\Viswaranjan\AppData\Roaming\npm;C:\Program Files\Java\jdk-20\bin;C:\Users\Viswaranjan\AppData\Local\GitHubDesktop\bin;C:\Users\Viswaranjan\AppData\Local\JetBrains\Toolbox\scripts;C:\Users\Viswaranjan\AppData\Local\atom\bin;C:\Program Files\Java\jre7\bin;C:\Program Files\JetBrains\PyCharm Community Edition 2023.3.1\bin;C:\xampp\php
USERNAME=Viswaranjan
DISPLAY=:0.0
LC_ALL=en_US.UTF-8
TERM=xterm-256color
TMPDIR=C:\Users\VISWAR~1\AppData\Local\Temp
OS=Windows_NT
PROCESSOR_IDENTIFIER=Intel64 Family 6 Model 154 Stepping 3, GenuineIntel
TMP=C:\Users\VISWAR~1\AppData\Local\Temp
TEMP=C:\Users\VISWAR~1\AppData\Local\Temp


JNI global refs:
JNI global refs: 0, weak refs: 0

JNI global refs memory usage: 0, weak refs: 0

OOME stack traces (most recent first):
Classloader memory used:


---------------  S Y S T E M  ---------------

OS:
 Windows 11 , 64 bit Build 22621 (10.0.22621.2506)
OS uptime: 0 days 9:37 hours
Hyper-V role detected

CPU: total 12 (initial active 12) (6 cores per cpu, 2 threads per core) family 6 model 154 stepping 3 microcode 0x429, cx8, cmov, fxsr, ht, mmx, 3dnowpref, sse, sse2, sse3, ssse3, sse4.1, sse4.2, popcnt, lzcnt, tsc, tscinvbit, avx, avx2, aes, erms, clmul, bmi1, bmi2, adx, sha, fma, vzeroupper, clflush, clflushopt, clwb, hv

Memory: 4k page, system-wide physical 16004M (818M free)
TotalPageFile size 65156M (AvailPageFile size 114M)
current process WorkingSet (physical memory assigned to process): 11M, peak: 11M
current process commit charge ("private bytes"): 64M, peak: 316M

vm_info: OpenJDK 64-Bit Server VM (17.0.7+0-b2043.56-10550314) for windows-amd64 JRE (17.0.7+0-b2043.56-10550314), built on Jul 24 2023 18:27:45 by "androidbuild" with MS VC++ 16.10 / 16.11 (VS2019)

END.
